warning: use of deprecated method `chrono::NaiveDateTime::timestamp_subsec_micros`: use `.and_utc().timestamp_subsec_micros()` instead
   --> src/load.rs:219:28
    |
219 |             row.created_at.timestamp_subsec_micros(),
    |                            ^^^^^^^^^^^^^^^^^^^^^^^
    |
    = note: `#[warn(deprecated)]` on by default

warning: `db-performance-obvser` (bin "db-performance-obvser") generated 1 warning
    Finished `release` profile [optimized] target(s) in 0.11s
     Running `target/release/db-performance-obvser --db mysql load --scale 5000000 --concurrency 8 --batch-size 10000 --indexes on`
[2m2025-12-06T07:17:10.180567Z[0m [32m INFO[0m [2mdb_performance_obvser::load[0m[2m:[0m å½“å‰å·²æœ‰ 2000000 è¡Œï¼Œç›®æ ‡ 5000000 è¡Œï¼Œæœ¬æ¬¡éœ€æ–°å¢ 3000000 è¡Œ
[2m2025-12-06T07:17:10.183690Z[0m [32m INFO[0m [2mdb_performance_obvser::load[0m[2m:[0m MySQL ç´¢å¼•å·²å¼€å¯
[2m2025-12-06T07:17:11.129157Z[0m [32m INFO[0m [2mdb_performance_obvser::load[0m[2m:[0m MySQL å·²æ’å…¥ 100000 è¡Œ, 105772.65 rows/s
[2m2025-12-06T07:17:11.590088Z[0m [32m INFO[0m [2mdb_performance_obvser::load[0m[2m:[0m MySQL å·²æ’å…¥ 200000 è¡Œ, 142212.26 rows/s
[2m2025-12-06T07:17:12.412408Z[0m [32m INFO[0m [2mdb_performance_obvser::load[0m[2m:[0m MySQL å·²æ’å…¥ 300000 è¡Œ, 134609.02 rows/s
[2m2025-12-06T07:17:13.166488Z[0m [32m INFO[0m [2mdb_performance_obvser::load[0m[2m:[0m MySQL å·²æ’å…¥ 400000 è¡Œ, 134104.16 rows/s
[2m2025-12-06T07:17:13.966123Z[0m [32m INFO[0m [2mdb_performance_obvser::load[0m[2m:[0m MySQL å·²æ’å…¥ 500000 è¡Œ, 132191.46 rows/s
[2m2025-12-06T07:17:14.451024Z[0m [32m INFO[0m [2mdb_performance_obvser::load[0m[2m:[0m MySQL å·²æ’å…¥ 600000 è¡Œ, 140604.31 rows/s
[2m2025-12-06T07:17:15.116227Z[0m [32m INFO[0m [2mdb_performance_obvser::load[0m[2m:[0m MySQL å·²æ’å…¥ 700000 è¡Œ, 141915.98 rows/s
[2m2025-12-06T07:17:15.657581Z[0m [32m INFO[0m [2mdb_performance_obvser::load[0m[2m:[0m MySQL å·²æ’å…¥ 800000 è¡Œ, 146149.38 rows/s
[2m2025-12-06T07:17:16.335938Z[0m [32m INFO[0m [2mdb_performance_obvser::load[0m[2m:[0m MySQL å·²æ’å…¥ 900000 è¡Œ, 146288.94 rows/s
[2m2025-12-06T07:17:16.840146Z[0m [32m INFO[0m [2mdb_performance_obvser::load[0m[2m:[0m MySQL å·²æ’å…¥ 1000000 è¡Œ, 150230.98 rows/s
[2m2025-12-06T07:17:18.962361Z[0m [32m INFO[0m [2mdb_performance_obvser::load[0m[2m:[0m MySQL å·²æ’å…¥ 1100000 è¡Œ, 125304.27 rows/s
[2m2025-12-06T07:17:19.842333Z[0m [32m INFO[0m [2mdb_performance_obvser::load[0m[2m:[0m MySQL å·²æ’å…¥ 1200000 è¡Œ, 124241.58 rows/s
[2m2025-12-06T07:17:20.715907Z[0m [32m INFO[0m [2mdb_performance_obvser::load[0m[2m:[0m MySQL å·²æ’å…¥ 1300000 è¡Œ, 123431.26 rows/s
[2m2025-12-06T07:17:22.234806Z[0m [32m INFO[0m [2mdb_performance_obvser::load[0m[2m:[0m MySQL å·²æ’å…¥ 1400000 è¡Œ, 116172.20 rows/s
[2m2025-12-06T07:17:23.503611Z[0m [32m INFO[0m [2mdb_performance_obvser::load[0m[2m:[0m MySQL å·²æ’å…¥ 1500000 è¡Œ, 112613.62 rows/s
[2m2025-12-06T07:17:25.064860Z[0m [32m INFO[0m [2mdb_performance_obvser::load[0m[2m:[0m MySQL å·²æ’å…¥ 1600000 è¡Œ, 107518.73 rows/s
[2m2025-12-06T07:17:25.982442Z[0m [32m INFO[0m [2mdb_performance_obvser::load[0m[2m:[0m MySQL å·²æ’å…¥ 1700000 è¡Œ, 107603.71 rows/s
[2m2025-12-06T07:17:27.224999Z[0m [32m INFO[0m [2mdb_performance_obvser::load[0m[2m:[0m MySQL å·²æ’å…¥ 1800000 è¡Œ, 105625.95 rows/s
[2m2025-12-06T07:17:28.215637Z[0m [32m INFO[0m [2mdb_performance_obvser::load[0m[2m:[0m MySQL å·²æ’å…¥ 1900000 è¡Œ, 105368.77 rows/s
[2m2025-12-06T07:17:29.930111Z[0m [32m INFO[0m [2mdb_performance_obvser::load[0m[2m:[0m MySQL å·²æ’å…¥ 2000000 è¡Œ, 101284.38 rows/s
[2m2025-12-06T07:17:31.215978Z[0m [32m INFO[0m [2mdb_performance_obvser::load[0m[2m:[0m MySQL å·²æ’å…¥ 2100000 è¡Œ, 99846.68 rows/s
[2m2025-12-06T07:17:33.018918Z[0m [32m INFO[0m [2mdb_performance_obvser::load[0m[2m:[0m MySQL å·²æ’å…¥ 2200000 è¡Œ, 96342.54 rows/s
[2m2025-12-06T07:17:34.236787Z[0m [32m INFO[0m [2mdb_performance_obvser::load[0m[2m:[0m MySQL å·²æ’å…¥ 2300000 è¡Œ, 95621.94 rows/s
[2m2025-12-06T07:17:36.755707Z[0m [32m INFO[0m [2mdb_performance_obvser::load[0m[2m:[0m MySQL å·²æ’å…¥ 2400000 è¡Œ, 90320.71 rows/s
[2m2025-12-06T07:17:37.444211Z[0m [32m INFO[0m [2mdb_performance_obvser::load[0m[2m:[0m MySQL å·²æ’å…¥ 2500000 è¡Œ, 91707.84 rows/s
[2m2025-12-06T07:17:39.395624Z[0m [32m INFO[0m [2mdb_performance_obvser::load[0m[2m:[0m MySQL å·²æ’å…¥ 2600000 è¡Œ, 89004.84 rows/s
[2m2025-12-06T07:17:40.116906Z[0m [32m INFO[0m [2mdb_performance_obvser::load[0m[2m:[0m MySQL å·²æ’å…¥ 2700000 è¡Œ, 90200.92 rows/s
[2m2025-12-06T07:17:42.295627Z[0m [32m INFO[0m [2mdb_performance_obvser::load[0m[2m:[0m MySQL å·²æ’å…¥ 2800000 è¡Œ, 87195.10 rows/s
[2m2025-12-06T07:17:43.709069Z[0m [32m INFO[0m [2mdb_performance_obvser::load[0m[2m:[0m MySQL å·²æ’å…¥ 2900000 è¡Œ, 86501.74 rows/s
[2m2025-12-06T07:17:44.609501Z[0m [32m INFO[0m [2mdb_performance_obvser::load[0m[2m:[0m MySQL å·²æ’å…¥ 3000000 è¡Œ, 87144.02 rows/s
[2m2025-12-06T07:17:44.609784Z[0m [32m INFO[0m [2mdb_performance_obvser::load[0m[2m:[0m MySQL è£…è½½å®Œæˆï¼Œæ€»è¡Œæ•° 3000000ï¼Œè€—æ—¶ 34.43s
