warning: use of deprecated method `chrono::NaiveDateTime::timestamp_subsec_micros`: use `.and_utc().timestamp_subsec_micros()` instead
   --> src/load.rs:219:28
    |
219 |             row.created_at.timestamp_subsec_micros(),
    |                            ^^^^^^^^^^^^^^^^^^^^^^^
    |
    = note: `#[warn(deprecated)]` on by default

warning: `db-performance-obvser` (bin "db-performance-obvser") generated 1 warning
    Finished `release` profile [optimized] target(s) in 0.11s
     Running `target/release/db-performance-obvser --db mysql load --scale 2000000 --concurrency 8 --batch-size 10000 --indexes on`
[2m2025-12-06T07:16:19.799591Z[0m [32m INFO[0m [2mdb_performance_obvser::load[0m[2m:[0m å½“å‰å·²æœ‰ 1000000 è¡Œï¼Œç›®æ ‡ 2000000 è¡Œï¼Œæœ¬æ¬¡éœ€æ–°å¢ 1000000 è¡Œ
[2m2025-12-06T07:16:19.802768Z[0m [32m INFO[0m [2mdb_performance_obvser::load[0m[2m:[0m MySQL ç´¢å¼•å·²å¼€å¯
[2m2025-12-06T07:16:20.968941Z[0m [32m INFO[0m [2mdb_performance_obvser::load[0m[2m:[0m MySQL å·²æ’å…¥ 100000 è¡Œ, 85754.14 rows/s
[2m2025-12-06T07:16:21.450530Z[0m [32m INFO[0m [2mdb_performance_obvser::load[0m[2m:[0m MySQL å·²æ’å…¥ 200000 è¡Œ, 121380.18 rows/s
[2m2025-12-06T07:16:22.070482Z[0m [32m INFO[0m [2mdb_performance_obvser::load[0m[2m:[0m MySQL å·²æ’å…¥ 300000 è¡Œ, 132294.45 rows/s
[2m2025-12-06T07:16:22.502407Z[0m [32m INFO[0m [2mdb_performance_obvser::load[0m[2m:[0m MySQL å·²æ’å…¥ 400000 è¡Œ, 148170.56 rows/s
[2m2025-12-06T07:16:23.109419Z[0m [32m INFO[0m [2mdb_performance_obvser::load[0m[2m:[0m MySQL å·²æ’å…¥ 500000 è¡Œ, 151212.46 rows/s
[2m2025-12-06T07:16:23.683736Z[0m [32m INFO[0m [2mdb_performance_obvser::load[0m[2m:[0m MySQL å·²æ’å…¥ 600000 è¡Œ, 154602.38 rows/s
[2m2025-12-06T07:16:24.345247Z[0m [32m INFO[0m [2mdb_performance_obvser::load[0m[2m:[0m MySQL å·²æ’å…¥ 700000 è¡Œ, 154102.39 rows/s
[2m2025-12-06T07:16:24.784401Z[0m [32m INFO[0m [2mdb_performance_obvser::load[0m[2m:[0m MySQL å·²æ’å…¥ 800000 è¡Œ, 160591.42 rows/s
[2m2025-12-06T07:16:25.529774Z[0m [32m INFO[0m [2mdb_performance_obvser::load[0m[2m:[0m MySQL å·²æ’å…¥ 900000 è¡Œ, 157151.43 rows/s
[2m2025-12-06T07:16:26.144767Z[0m [32m INFO[0m [2mdb_performance_obvser::load[0m[2m:[0m MySQL å·²æ’å…¥ 1000000 è¡Œ, 157680.08 rows/s
[2m2025-12-06T07:16:26.145170Z[0m [32m INFO[0m [2mdb_performance_obvser::load[0m[2m:[0m MySQL è£…è½½å®Œæˆï¼Œæ€»è¡Œæ•° 1000000ï¼Œè€—æ—¶ 6.34s
