warning: use of deprecated method `chrono::NaiveDateTime::timestamp_subsec_micros`: use `.and_utc().timestamp_subsec_micros()` instead
   --> src/load.rs:202:28
    |
202 |             row.created_at.timestamp_subsec_micros(),
    |                            ^^^^^^^^^^^^^^^^^^^^^^^
    |
    = note: `#[warn(deprecated)]` on by default

warning: `db-performance-obvser` (bin "db-performance-obvser") generated 1 warning
    Finished `release` profile [optimized] target(s) in 0.12s
     Running `target/release/db-performance-obvser --db postgres load --scale 5000000 --concurrency 8 --batch-size 10000 --indexes on`
[2m2025-12-06T13:55:02.061735Z[0m [32m INFO[0m [2mdb_performance_obvser::load[0m[2m:[0m å½“å‰å·²æœ‰ 2000000 è¡Œï¼Œç›®æ ‡ 5000000 è¡Œï¼Œæœ¬æ¬¡éœ€æ–°å¢ 3000000 è¡Œ
[2m2025-12-06T13:55:02.069503Z[0m [32m INFO[0m [2mtokio_postgres::connection[0m[2m:[0m NOTICE: relation "idx_user_created" already exists, skipping
[2m2025-12-06T13:55:02.069814Z[0m [32m INFO[0m [2mtokio_postgres::connection[0m[2m:[0m NOTICE: relation "idx_status" already exists, skipping
[2m2025-12-06T13:55:02.070024Z[0m [32m INFO[0m [2mtokio_postgres::connection[0m[2m:[0m NOTICE: relation "idx_created_at" already exists, skipping
[2m2025-12-06T13:55:02.070050Z[0m [32m INFO[0m [2mdb_performance_obvser::load[0m[2m:[0m Postgres ç´¢å¼•å·²å¼€å¯
[2m2025-12-06T13:55:02.889032Z[0m [32m INFO[0m [2mdb_performance_obvser::load[0m[2m:[0m Postgres å·²æ’å…¥ 100000 è¡Œ, 122104.42 rows/s
[2m2025-12-06T13:55:03.844137Z[0m [32m INFO[0m [2mdb_performance_obvser::load[0m[2m:[0m Postgres å·²æ’å…¥ 200000 è¡Œ, 112734.60 rows/s
[2m2025-12-06T13:55:04.801804Z[0m [32m INFO[0m [2mdb_performance_obvser::load[0m[2m:[0m Postgres å·²æ’å…¥ 300000 è¡Œ, 109819.98 rows/s
[2m2025-12-06T13:55:05.690185Z[0m [32m INFO[0m [2mdb_performance_obvser::load[0m[2m:[0m Postgres å·²æ’å…¥ 400000 è¡Œ, 110493.39 rows/s
[2m2025-12-06T13:55:06.641284Z[0m [32m INFO[0m [2mdb_performance_obvser::load[0m[2m:[0m Postgres å·²æ’å…¥ 500000 è¡Œ, 109379.88 rows/s
[2m2025-12-06T13:55:07.487026Z[0m [32m INFO[0m [2mdb_performance_obvser::load[0m[2m:[0m Postgres å·²æ’å…¥ 600000 è¡Œ, 110763.10 rows/s
[2m2025-12-06T13:55:08.424699Z[0m [32m INFO[0m [2mdb_performance_obvser::load[0m[2m:[0m Postgres å·²æ’å…¥ 700000 è¡Œ, 110155.74 rows/s
[2m2025-12-06T13:55:09.304250Z[0m [32m INFO[0m [2mdb_performance_obvser::load[0m[2m:[0m Postgres å·²æ’å…¥ 800000 è¡Œ, 110585.97 rows/s
[2m2025-12-06T13:55:10.475963Z[0m [32m INFO[0m [2mdb_performance_obvser::load[0m[2m:[0m Postgres å·²æ’å…¥ 900000 è¡Œ, 107067.64 rows/s
[2m2025-12-06T13:55:11.343284Z[0m [32m INFO[0m [2mdb_performance_obvser::load[0m[2m:[0m Postgres å·²æ’å…¥ 1000000 è¡Œ, 107837.37 rows/s
[2m2025-12-06T13:55:12.340839Z[0m [32m INFO[0m [2mdb_performance_obvser::load[0m[2m:[0m Postgres å·²æ’å…¥ 1100000 è¡Œ, 107099.96 rows/s
[2m2025-12-06T13:55:13.227602Z[0m [32m INFO[0m [2mdb_performance_obvser::load[0m[2m:[0m Postgres å·²æ’å…¥ 1200000 è¡Œ, 107550.56 rows/s
[2m2025-12-06T13:55:14.116756Z[0m [32m INFO[0m [2mdb_performance_obvser::load[0m[2m:[0m Postgres å·²æ’å…¥ 1300000 è¡Œ, 107913.40 rows/s
[2m2025-12-06T13:55:14.953228Z[0m [32m INFO[0m [2mdb_performance_obvser::load[0m[2m:[0m Postgres å·²æ’å…¥ 1400000 è¡Œ, 108668.91 rows/s
[2m2025-12-06T13:55:15.876821Z[0m [32m INFO[0m [2mdb_performance_obvser::load[0m[2m:[0m Postgres å·²æ’å…¥ 1500000 è¡Œ, 108642.42 rows/s
[2m2025-12-06T13:55:16.846836Z[0m [32m INFO[0m [2mdb_performance_obvser::load[0m[2m:[0m Postgres å·²æ’å…¥ 1600000 è¡Œ, 108278.01 rows/s
[2m2025-12-06T13:55:18.004289Z[0m [32m INFO[0m [2mdb_performance_obvser::load[0m[2m:[0m Postgres å·²æ’å…¥ 1700000 è¡Œ, 106688.56 rows/s
[2m2025-12-06T13:55:18.845334Z[0m [32m INFO[0m [2mdb_performance_obvser::load[0m[2m:[0m Postgres å·²æ’å…¥ 1800000 è¡Œ, 107300.78 rows/s
[2m2025-12-06T13:55:19.788832Z[0m [32m INFO[0m [2mdb_performance_obvser::load[0m[2m:[0m Postgres å·²æ’å…¥ 1900000 è¡Œ, 107230.90 rows/s
[2m2025-12-06T13:55:20.619720Z[0m [32m INFO[0m [2mdb_performance_obvser::load[0m[2m:[0m Postgres å·²æ’å…¥ 2000000 è¡Œ, 107818.68 rows/s
[2m2025-12-06T13:55:21.543438Z[0m [32m INFO[0m [2mdb_performance_obvser::load[0m[2m:[0m Postgres å·²æ’å…¥ 2100000 è¡Œ, 107839.54 rows/s
[2m2025-12-06T13:55:22.400444Z[0m [32m INFO[0m [2mdb_performance_obvser::load[0m[2m:[0m Postgres å·²æ’å…¥ 2200000 è¡Œ, 108212.41 rows/s
[2m2025-12-06T13:55:23.380404Z[0m [32m INFO[0m [2mdb_performance_obvser::load[0m[2m:[0m Postgres å·²æ’å…¥ 2300000 è¡Œ, 107928.80 rows/s
[2m2025-12-06T13:55:24.423798Z[0m [32m INFO[0m [2mdb_performance_obvser::load[0m[2m:[0m Postgres å·²æ’å…¥ 2400000 è¡Œ, 107364.59 rows/s
[2m2025-12-06T13:55:25.328445Z[0m [32m INFO[0m [2mdb_performance_obvser::load[0m[2m:[0m Postgres å·²æ’å…¥ 2500000 è¡Œ, 107488.11 rows/s
[2m2025-12-06T13:55:26.158958Z[0m [32m INFO[0m [2mdb_performance_obvser::load[0m[2m:[0m Postgres å·²æ’å…¥ 2600000 è¡Œ, 107933.53 rows/s
[2m2025-12-06T13:55:27.098920Z[0m [32m INFO[0m [2mdb_performance_obvser::load[0m[2m:[0m Postgres å·²æ’å…¥ 2700000 è¡Œ, 107875.47 rows/s
[2m2025-12-06T13:55:28.072677Z[0m [32m INFO[0m [2mdb_performance_obvser::load[0m[2m:[0m Postgres å·²æ’å…¥ 2800000 è¡Œ, 107681.50 rows/s
[2m2025-12-06T13:55:28.955712Z[0m [32m INFO[0m [2mdb_performance_obvser::load[0m[2m:[0m Postgres å·²æ’å…¥ 2900000 è¡Œ, 107864.22 rows/s
[2m2025-12-06T13:55:30.113998Z[0m [32m INFO[0m [2mdb_performance_obvser::load[0m[2m:[0m Postgres å·²æ’å…¥ 3000000 è¡Œ, 106975.00 rows/s
[2m2025-12-06T13:55:30.373115Z[0m [32m INFO[0m [2mdb_performance_obvser::load[0m[2m:[0m Postgres è£…è½½å®Œæˆï¼Œæ€»è¡Œæ•° 3000000ï¼Œè€—æ—¶ 28.30s
