   Compiling db-performance-obvser v0.1.0 (/home/cooper/progarmming/git_home/rust-repo/db-performance-obvser)
warning: use of deprecated method `chrono::NaiveDateTime::timestamp_subsec_micros`: use `.and_utc().timestamp_subsec_micros()` instead
   --> src/load.rs:202:28
    |
202 |             row.created_at.timestamp_subsec_micros(),
    |                            ^^^^^^^^^^^^^^^^^^^^^^^
    |
    = note: `#[warn(deprecated)]` on by default

warning: `db-performance-obvser` (bin "db-performance-obvser") generated 1 warning
    Finished `release` profile [optimized] target(s) in 5.65s
     Running `target/release/db-performance-obvser --db postgres load --scale 500000 --concurrency 8 --batch-size 10000 --indexes on`
[2m2025-12-06T13:54:32.803777Z[0m [32m INFO[0m [2mdb_performance_obvser::load[0m[2m:[0m å½“å‰å·²æœ‰ 0 è¡Œï¼Œç›®æ ‡ 500000 è¡Œï¼Œæœ¬æ¬¡éœ€æ–°å¢ 500000 è¡Œ
[2m2025-12-06T13:54:32.810934Z[0m [32m INFO[0m [2mtokio_postgres::connection[0m[2m:[0m NOTICE: relation "idx_user_created" already exists, skipping
[2m2025-12-06T13:54:32.811257Z[0m [32m INFO[0m [2mtokio_postgres::connection[0m[2m:[0m NOTICE: relation "idx_status" already exists, skipping
[2m2025-12-06T13:54:32.811492Z[0m [32m INFO[0m [2mtokio_postgres::connection[0m[2m:[0m NOTICE: relation "idx_created_at" already exists, skipping
[2m2025-12-06T13:54:32.811525Z[0m [32m INFO[0m [2mdb_performance_obvser::load[0m[2m:[0m Postgres ç´¢å¼•å·²å¼€å¯
[2m2025-12-06T13:54:33.232314Z[0m [32m INFO[0m [2mdb_performance_obvser::load[0m[2m:[0m Postgres å·²æ’å…¥ 100000 è¡Œ, 237653.59 rows/s
[2m2025-12-06T13:54:34.066998Z[0m [32m INFO[0m [2mdb_performance_obvser::load[0m[2m:[0m Postgres å·²æ’å…¥ 200000 è¡Œ, 159303.62 rows/s
[2m2025-12-06T13:54:34.953154Z[0m [32m INFO[0m [2mdb_performance_obvser::load[0m[2m:[0m Postgres å·²æ’å…¥ 300000 è¡Œ, 140080.80 rows/s
[2m2025-12-06T13:54:35.828099Z[0m [32m INFO[0m [2mdb_performance_obvser::load[0m[2m:[0m Postgres å·²æ’å…¥ 400000 è¡Œ, 132602.14 rows/s
[2m2025-12-06T13:54:36.756484Z[0m [32m INFO[0m [2mdb_performance_obvser::load[0m[2m:[0m Postgres å·²æ’å…¥ 500000 è¡Œ, 126744.30 rows/s
[2m2025-12-06T13:54:37.035594Z[0m [32m INFO[0m [2mdb_performance_obvser::load[0m[2m:[0m Postgres è£…è½½å®Œæˆï¼Œæ€»è¡Œæ•° 500000ï¼Œè€—æ—¶ 4.22s
