warning: use of deprecated method `chrono::NaiveDateTime::timestamp_subsec_micros`: use `.and_utc().timestamp_subsec_micros()` instead
   --> src/load.rs:202:28
    |
202 |             row.created_at.timestamp_subsec_micros(),
    |                            ^^^^^^^^^^^^^^^^^^^^^^^
    |
    = note: `#[warn(deprecated)]` on by default

warning: `db-performance-obvser` (bin "db-performance-obvser") generated 1 warning
    Finished `release` profile [optimized] target(s) in 0.15s
     Running `target/release/db-performance-obvser --db postgres load --scale 1000000 --concurrency 8 --batch-size 10000 --indexes on`
[2m2025-12-06T13:54:40.405895Z[0m [32m INFO[0m [2mdb_performance_obvser::load[0m[2m:[0m å½“å‰å·²æœ‰ 500000 è¡Œï¼Œç›®æ ‡ 1000000 è¡Œï¼Œæœ¬æ¬¡éœ€æ–°å¢ 500000 è¡Œ
[2m2025-12-06T13:54:40.414667Z[0m [32m INFO[0m [2mtokio_postgres::connection[0m[2m:[0m NOTICE: relation "idx_user_created" already exists, skipping
[2m2025-12-06T13:54:40.414960Z[0m [32m INFO[0m [2mtokio_postgres::connection[0m[2m:[0m NOTICE: relation "idx_status" already exists, skipping
[2m2025-12-06T13:54:40.415193Z[0m [32m INFO[0m [2mtokio_postgres::connection[0m[2m:[0m NOTICE: relation "idx_created_at" already exists, skipping
[2m2025-12-06T13:54:40.415220Z[0m [32m INFO[0m [2mdb_performance_obvser::load[0m[2m:[0m Postgres ç´¢å¼•å·²å¼€å¯
[2m2025-12-06T13:54:41.154536Z[0m [32m INFO[0m [2mdb_performance_obvser::load[0m[2m:[0m Postgres å·²æ’å…¥ 100000 è¡Œ, 135261.89 rows/s
[2m2025-12-06T13:54:42.052354Z[0m [32m INFO[0m [2mdb_performance_obvser::load[0m[2m:[0m Postgres å·²æ’å…¥ 200000 è¡Œ, 122165.35 rows/s
[2m2025-12-06T13:54:43.007336Z[0m [32m INFO[0m [2mdb_performance_obvser::load[0m[2m:[0m Postgres å·²æ’å…¥ 300000 è¡Œ, 115735.98 rows/s
[2m2025-12-06T13:54:43.859230Z[0m [32m INFO[0m [2mdb_performance_obvser::load[0m[2m:[0m Postgres å·²æ’å…¥ 400000 è¡Œ, 116143.98 rows/s
[2m2025-12-06T13:54:44.764736Z[0m [32m INFO[0m [2mdb_performance_obvser::load[0m[2m:[0m Postgres å·²æ’å…¥ 500000 è¡Œ, 114955.56 rows/s
[2m2025-12-06T13:54:45.045360Z[0m [32m INFO[0m [2mdb_performance_obvser::load[0m[2m:[0m Postgres è£…è½½å®Œæˆï¼Œæ€»è¡Œæ•° 500000ï¼Œè€—æ—¶ 4.63s
